

Started POST "/users/sign_in" for ::1 at 2017-01-03 12:31:26 -0800
  [1m[36mSQL (0.0ms)[0m  [1mUSE [DMETERDBPROTO][0m
  [1m[35mActiveRecord::SchemaMigration Load (1.0ms)[0m  EXEC sp_executesql N'SELECT [schema_migrations].* FROM [schema_migrations]'
Processing by Devise::SessionsController#create as HTML
  Parameters: {"utf8"=>"✓", "authenticity_token"=>"1hffpp8pJiftsrala/w6567gpf9aCCT0cmK0K/ieiqxx9+EAXF2jfp6MbS6p+19AS0hqizV6QhN+LvcZyO6wjw==", "user"=>{"user_name"=>"khashimoto0", "password"=>"[FILTERED]", "remember_me"=>"0"}, "commit"=>"Log In"}
  [1m[36mCACHE (0.0ms)[0m  [1mSELECT CAST((0) AS bit) AS value[0m
  [1m[35mCACHE (0.0ms)[0m  SELECT CAST((0) AS bit) AS value
  [1m[36mUser Load (2.0ms)[0m  [1mEXEC sp_executesql N'SELECT  [users].* FROM [users] WHERE [users].[user_name] = @0  ORDER BY [users].[id] ASC OFFSET 0 ROWS FETCH NEXT 1 ROWS ONLY', N'@0 nvarchar(4000)', @0 = N'khashimoto0'[0m  [["user_name", "khashimoto0"]]
Completed 401 Unauthorized in 56ms (ActiveRecord: 10.0ms)
Processing by Devise::SessionsController#new as HTML
  Parameters: {"utf8"=>"✓", "authenticity_token"=>"1hffpp8pJiftsrala/w6567gpf9aCCT0cmK0K/ieiqxx9+EAXF2jfp6MbS6p+19AS0hqizV6QhN+LvcZyO6wjw==", "user"=>{"user_name"=>"khashimoto0", "password"=>"[FILTERED]", "remember_me"=>"0"}, "commit"=>"Log In"}
  Rendered devise/shared/_links.html.erb (4.0ms)
  Rendered devise/sessions/new.html.erb within layouts/application (66.2ms)
  Rendered layouts/_navbar.html.erb (3.0ms)
  Rendered layouts/_footer.html.erb (3.0ms)
Completed 200 OK in 46748ms (Views: 46562.6ms | ActiveRecord: 0.0ms)


Started GET "/assets/demonstrations.self-9c3fcbafda14b6d71604bf225e82f35c5661559f95f0e02b0fbafdf96106690e.css?body=1" for ::1 at 2017-01-03 12:32:24 -0800


Started GET "/assets/field_assistants.self-64ac562deee331eca81e7354ebade76445917d12b4645bb69873f7c910b1a277.css?body=1" for ::1 at 2017-01-03 12:32:24 -0800


Started GET "/assets/home.self-cf39d3e63189d41eb37713a8dea949c21344a9e76ef62d155f3808e68a72feb7.css?body=1" for ::1 at 2017-01-03 12:32:24 -0800


Started GET "/assets/fa_activities.self-9dd12c099b827d1c78a0ef052216a6469d781aee1ae9064452c91583a3202356.css?body=1" for ::1 at 2017-01-03 12:32:24 -0800


Started GET "/assets/meet_farmers.self-a8c29969db7c848d10cc1288376f2061361a262f787bc2bb5f8086606dd9fa16.css?body=1" for ::1 at 2017-01-03 12:32:24 -0800


Started GET "/assets/pockets.self-40503398a99289a265de9cd62669b5d41b1ff948578d1ad0751e5ff06491a3c3.css?body=1" for ::1 at 2017-01-03 12:32:24 -0800


Started GET "/assets/pre_demonstrations.self-313fe12484381f9e3ac932903492c2ccaa41ecafc08fced376da7d1844f82da5.css?body=1" for ::1 at 2017-01-03 12:32:25 -0800


Started GET "/assets/scaffolds.self-d7c8ed571b34e8f50367cfbbeeee7ccb56f3d83c3bc45101574f300e04e0dc7c.css?body=1" for ::1 at 2017-01-03 12:32:25 -0800


Started GET "/assets/sr_activities.self-a0282046dd9b78e0cfa292051a5a4c6cc8ab9c1fe1dc37c4902b356c739a70dd.css?body=1" for ::1 at 2017-01-03 12:32:25 -0800


Started GET "/assets/application.self-98aae86034f606316446ac0516f7db3499667484479d10bca2141b1f57cdb81d.css?body=1" for ::1 at 2017-01-03 12:32:25 -0800


Started GET "/assets/bootstrap-datepicker3.self-84ceca55ca59b39adf7c42aa8d9ac81e5dad88af95032658a3f7783d70163eac.css?body=1" for ::1 at 2017-01-03 12:32:25 -0800


Started GET "/assets/users.self-114e2ea05946e2c288fdd2bd00bff8d78b97fbfa914932303ee78304eaaa001d.css?body=1" for ::1 at 2017-01-03 12:32:25 -0800


Started GET "/assets/post_demonstrations.self-8029c6457fb13217919638e0d151891642b3017e1ca07e1b5e5d806240d64daa.css?body=1" for ::1 at 2017-01-03 12:32:25 -0800


Started GET "/assets/jquery-ui/theme.self-df1da30301997b52795cb0213bccd335f2897b65f84d1d7d7c63c04f048d902f.css?body=1" for ::1 at 2017-01-03 12:32:25 -0800


Started GET "/assets/jquery-ui/core.self-23329dbe1961b938278306c019037fe36ff6ccb28193f1038e52ccbf52858163.css?body=1" for ::1 at 2017-01-03 12:32:26 -0800


Started GET "/assets/jquery-ui/datepicker.self-bf92a2196df590f06fad4ab5bb7ed4db1874a9bef0c9af85ea0490d2108b9966.css?body=1" for ::1 at 2017-01-03 12:32:26 -0800


Started GET "/assets/dataTables/jquery.dataTables.self-c399bffa4f97cef45c36cf01f2ca0f1a7ead7aeb5266ab08604f47ecc1cdb132.css?body=1" for ::1 at 2017-01-03 12:32:26 -0800


Started GET "/assets/assist_reps.self-e3b0c44298fc1c149afbf4c8996fb92427ae41e4649b934ca495991b7852b855.css?body=1" for ::1 at 2017-01-03 12:32:26 -0800


Started GET "/assets/banks.self-e3b0c44298fc1c149afbf4c8996fb92427ae41e4649b934ca495991b7852b855.css?body=1" for ::1 at 2017-01-03 12:32:26 -0800


Started GET "/assets/applications.self-e3b0c44298fc1c149afbf4c8996fb92427ae41e4649b934ca495991b7852b855.css?body=1" for ::1 at 2017-01-03 12:32:26 -0800


Started GET "/assets/blank_checks.self-e3b0c44298fc1c149afbf4c8996fb92427ae41e4649b934ca495991b7852b855.css?body=1" for ::1 at 2017-01-03 12:32:26 -0800


Started GET "/assets/business_developments.self-e3b0c44298fc1c149afbf4c8996fb92427ae41e4649b934ca495991b7852b855.css?body=1" for ::1 at 2017-01-03 12:32:26 -0800


Started GET "/assets/boxes.self-e3b0c44298fc1c149afbf4c8996fb92427ae41e4649b934ca495991b7852b855.css?body=1" for ::1 at 2017-01-03 12:32:26 -0800


Started GET "/assets/crops.self-e3b0c44298fc1c149afbf4c8996fb92427ae41e4649b934ca495991b7852b855.css?body=1" for ::1 at 2017-01-03 12:32:26 -0800


Started GET "/assets/dealer_blanks.self-e3b0c44298fc1c149afbf4c8996fb92427ae41e4649b934ca495991b7852b855.css?body=1" for ::1 at 2017-01-03 12:32:26 -0800


Started GET "/assets/dealer_props.self-e3b0c44298fc1c149afbf4c8996fb92427ae41e4649b934ca495991b7852b855.css?body=1" for ::1 at 2017-01-03 12:32:26 -0800


Started GET "/assets/dealer_securities.self-e3b0c44298fc1c149afbf4c8996fb92427ae41e4649b934ca495991b7852b855.css?body=1" for ::1 at 2017-01-03 12:32:26 -0800


Started GET "/assets/dealeravatars.self-e3b0c44298fc1c149afbf4c8996fb92427ae41e4649b934ca495991b7852b855.css?body=1" for ::1 at 2017-01-03 12:32:26 -0800


Started GET "/assets/dealer_visits.self-e3b0c44298fc1c149afbf4c8996fb92427ae41e4649b934ca495991b7852b855.css?body=1" for ::1 at 2017-01-03 12:32:26 -0800


Started GET "/assets/dealerphotos.self-e3b0c44298fc1c149afbf4c8996fb92427ae41e4649b934ca495991b7852b855.css?body=1" for ::1 at 2017-01-03 12:32:26 -0800


Started GET "/assets/dealers.self-e3b0c44298fc1c149afbf4c8996fb92427ae41e4649b934ca495991b7852b855.css?body=1" for ::1 at 2017-01-03 12:32:26 -0800


Started GET "/assets/demo_date.self-e3b0c44298fc1c149afbf4c8996fb92427ae41e4649b934ca495991b7852b855.css?body=1" for ::1 at 2017-01-03 12:32:26 -0800


Started GET "/assets/demonstration_attachments.self-e3b0c44298fc1c149afbf4c8996fb92427ae41e4649b934ca495991b7852b855.css?body=1" for ::1 at 2017-01-03 12:32:26 -0800


Started GET "/assets/demoresults.self-e3b0c44298fc1c149afbf4c8996fb92427ae41e4649b934ca495991b7852b855.css?body=1" for ::1 at 2017-01-03 12:32:26 -0800


Started GET "/assets/demos.self-e3b0c44298fc1c149afbf4c8996fb92427ae41e4649b934ca495991b7852b855.css?body=1" for ::1 at 2017-01-03 12:32:26 -0800


Started GET "/assets/districts.self-e3b0c44298fc1c149afbf4c8996fb92427ae41e4649b934ca495991b7852b855.css?body=1" for ::1 at 2017-01-03 12:32:27 -0800


Started GET "/assets/fa_targets.self-e3b0c44298fc1c149afbf4c8996fb92427ae41e4649b934ca495991b7852b855.css?body=1" for ::1 at 2017-01-03 12:32:27 -0800


Started GET "/assets/farmers.self-e3b0c44298fc1c149afbf4c8996fb92427ae41e4649b934ca495991b7852b855.css?body=1" for ::1 at 2017-01-03 12:32:27 -0800


Started GET "/assets/meet_dealers.self-e3b0c44298fc1c149afbf4c8996fb92427ae41e4649b934ca495991b7852b855.css?body=1" for ::1 at 2017-01-03 12:32:27 -0800


Started GET "/assets/meet_f_as.self-e3b0c44298fc1c149afbf4c8996fb92427ae41e4649b934ca495991b7852b855.css?body=1" for ::1 at 2017-01-03 12:32:27 -0800


Started GET "/assets/meet_sr_farmers.self-e3b0c44298fc1c149afbf4c8996fb92427ae41e4649b934ca495991b7852b855.css?body=1" for ::1 at 2017-01-03 12:32:27 -0800


Started GET "/assets/meet_state_managers.self-e3b0c44298fc1c149afbf4c8996fb92427ae41e4649b934ca495991b7852b855.css?body=1" for ::1 at 2017-01-03 12:32:27 -0800


Started GET "/assets/pocket_crops.self-e3b0c44298fc1c149afbf4c8996fb92427ae41e4649b934ca495991b7852b855.css?body=1" for ::1 at 2017-01-03 12:32:27 -0800


Started GET "/assets/pocket_dats.self-e3b0c44298fc1c149afbf4c8996fb92427ae41e4649b934ca495991b7852b855.css?body=1" for ::1 at 2017-01-03 12:32:27 -0800


Started GET "/assets/pocket_districts.self-e3b0c44298fc1c149afbf4c8996fb92427ae41e4649b934ca495991b7852b855.css?body=1" for ::1 at 2017-01-03 12:32:27 -0800


Started GET "/assets/pocket_infos.self-e3b0c44298fc1c149afbf4c8996fb92427ae41e4649b934ca495991b7852b855.css?body=1" for ::1 at 2017-01-03 12:32:27 -0800


Started GET "/assets/positions.self-e3b0c44298fc1c149afbf4c8996fb92427ae41e4649b934ca495991b7852b855.css?body=1" for ::1 at 2017-01-03 12:32:27 -0800


Started GET "/assets/prodsamples.self-e3b0c44298fc1c149afbf4c8996fb92427ae41e4649b934ca495991b7852b855.css?body=1" for ::1 at 2017-01-03 12:32:27 -0800


Started GET "/assets/product_prescriptions.self-e3b0c44298fc1c149afbf4c8996fb92427ae41e4649b934ca495991b7852b855.css?body=1" for ::1 at 2017-01-03 12:32:27 -0800


Started GET "/assets/products.self-e3b0c44298fc1c149afbf4c8996fb92427ae41e4649b934ca495991b7852b855.css?body=1" for ::1 at 2017-01-03 12:32:27 -0800


Started GET "/assets/proprietors.self-e3b0c44298fc1c149afbf4c8996fb92427ae41e4649b934ca495991b7852b855.css?body=1" for ::1 at 2017-01-03 12:32:27 -0800


Started GET "/assets/security_checks.self-e3b0c44298fc1c149afbf4c8996fb92427ae41e4649b934ca495991b7852b855.css?body=1" for ::1 at 2017-01-03 12:32:27 -0800


Started GET "/assets/singles.self-e3b0c44298fc1c149afbf4c8996fb92427ae41e4649b934ca495991b7852b855.css?body=1" for ::1 at 2017-01-03 12:32:27 -0800


Started GET "/assets/states.self-e3b0c44298fc1c149afbf4c8996fb92427ae41e4649b934ca495991b7852b855.css?body=1" for ::1 at 2017-01-03 12:32:27 -0800


Started GET "/assets/talukas.self-e3b0c44298fc1c149afbf4c8996fb92427ae41e4649b934ca495991b7852b855.css?body=1" for ::1 at 2017-01-03 12:32:27 -0800


Started GET "/assets/targets.self-e3b0c44298fc1c149afbf4c8996fb92427ae41e4649b934ca495991b7852b855.css?body=1" for ::1 at 2017-01-03 12:32:27 -0800


Started GET "/assets/villages.self-e3b0c44298fc1c149afbf4c8996fb92427ae41e4649b934ca495991b7852b855.css?body=1" for ::1 at 2017-01-03 12:32:27 -0800


Started GET "/assets/jquery.self-bd7ddd393353a8d2480a622e80342adf488fb6006d667e8b42e4c0073393abee.js?body=1" for ::1 at 2017-01-03 12:32:27 -0800


Started GET "/assets/jquery_ujs.self-784a997f6726036b1993eb2217c9cb558e1cbb801c6da88105588c56f13b466a.js?body=1" for ::1 at 2017-01-03 12:32:27 -0800


Started GET "/assets/jquery-ui/core.self-93be4d22eda916787802a64d8f88b52db8a9027d4ccbbc0942625324a7d12d44.js?body=1" for ::1 at 2017-01-03 12:32:27 -0800


Started GET "/assets/jquery-ui/datepicker.self-6267be6d4d0f0e8665be3b4d6ac07f40ba23a32aff8eaa5d1bfc00f76a9eeae7.js?body=1" for ::1 at 2017-01-03 12:32:27 -0800


Started GET "/assets/bootstrap-datepicker/core.self-57c10ac271cbabce89f4ea96d8248e58dc13bdd3928a468fcbf58dabc5e98db2.js?body=1" for ::1 at 2017-01-03 12:32:28 -0800


Started GET "/assets/bootstrap-datepicker/locales/bootstrap-datepicker.ar.self-3b6d7157be553c75fb586e9bbcb1caf9ffb68b3e52621ce7a0b4d80b3816a41e.js?body=1" for ::1 at 2017-01-03 12:32:28 -0800


Started GET "/assets/bootstrap-datepicker/locales/bootstrap-datepicker.az.self-e95a3ffa2c92ab9fd1c490585f0664f385a0c529f4b462c4e8f1fab196728f98.js?body=1" for ::1 at 2017-01-03 12:32:28 -0800


Started GET "/assets/bootstrap-datepicker/locales/bootstrap-datepicker.bg.self-962a18198db67ac87d9079f67b2167072ca4588cb77341999c5d6a93334a9143.js?body=1" for ::1 at 2017-01-03 12:32:28 -0800


Started GET "/assets/bootstrap-datepicker/locales/bootstrap-datepicker.bs.self-a9f88ff3048eda7a3915d3bc5fee831813bf64357688ca1d71249f190b5b3c2e.js?body=1" for ::1 at 2017-01-03 12:32:28 -0800


Started GET "/assets/bootstrap-datepicker/locales/bootstrap-datepicker.ca.self-9a18332afeed3b5d913f701e3a5359a3906fac9f8fe0d8271bfa59b17bef3843.js?body=1" for ::1 at 2017-01-03 12:32:28 -0800


Started GET "/assets/bootstrap-datepicker/locales/bootstrap-datepicker.cs.self-d8764534d484a8ad1107f25d5055c72def7515ff37b74002e171bc01791e2569.js?body=1" for ::1 at 2017-01-03 12:32:28 -0800


Started GET "/assets/bootstrap-datepicker/locales/bootstrap-datepicker.cy.self-6269279f98dbec07d08be043c80d3698c8db6da6098298b06c7e9eaca989db3a.js?body=1" for ::1 at 2017-01-03 12:32:28 -0800


Started GET "/assets/bootstrap-datepicker/locales/bootstrap-datepicker.da.self-3cb1f2509fcef48537941cbfc1e01034b1803fb2a32d1fbccf9eea1d71a3d144.js?body=1" for ::1 at 2017-01-03 12:32:28 -0800


Started GET "/assets/bootstrap-datepicker/locales/bootstrap-datepicker.de.self-df52cb73f35b10e81c27da3726fedcb47ce944244b37822f2808191f1b699614.js?body=1" for ::1 at 2017-01-03 12:32:28 -0800


Started GET "/assets/bootstrap-datepicker/locales/bootstrap-datepicker.el.self-c47144f58a0c79632a13f38f22efd1b9f2d077e4d6ed1184c473b92bb0a17383.js?body=1" for ::1 at 2017-01-03 12:32:28 -0800


Started GET "/assets/bootstrap-datepicker/locales/bootstrap-datepicker.en-AU.self-6667a122850dd1f2b2e036bdaad22bc82d7fb3d6f24c0eb0ca5455cbdfae2985.js?body=1" for ::1 at 2017-01-03 12:32:28 -0800


Started GET "/assets/bootstrap-datepicker/locales/bootstrap-datepicker.en-GB.self-e822658c28f996dd9184e78b590ee770da01e479bc73fdb235b694232278bb4c.js?body=1" for ::1 at 2017-01-03 12:32:28 -0800


Started GET "/assets/bootstrap-datepicker/locales/bootstrap-datepicker.en-IE.self-2343c16be658cb33730d4bb5cc188138bfbfff767491792dba7fb6c3feec55f3.js?body=1" for ::1 at 2017-01-03 12:32:28 -0800


Started GET "/assets/bootstrap-datepicker/locales/bootstrap-datepicker.en-NZ.self-e7bff6fcdc1f42c430f5244edebec300ec6789167e45ad0d8c919a0d448a85c2.js?body=1" for ::1 at 2017-01-03 12:32:28 -0800


Started GET "/assets/bootstrap-datepicker/locales/bootstrap-datepicker.en-ZA.self-549cd856dbe9789814440b4a2b1ed261958a653716f64283cafd91fe41984ce7.js?body=1" for ::1 at 2017-01-03 12:32:28 -0800


Started GET "/assets/bootstrap-datepicker/locales/bootstrap-datepicker.eo.self-bb3c1772c20b81e485802d43cdcda342c29037880fca098f5a82db81c8decae7.js?body=1" for ::1 at 2017-01-03 12:32:28 -0800


Started GET "/assets/bootstrap-datepicker/locales/bootstrap-datepicker.es.self-842ee703891e9e2578cff08e872f082190b7b443253897c84981fb1241ef1483.js?body=1" for ::1 at 2017-01-03 12:32:28 -0800


Started GET "/assets/bootstrap-datepicker/locales/bootstrap-datepicker.et.self-8d6af09ae9e4558db67ad818cac5de0451f7a10dc31a6e2987a715562524c44b.js?body=1" for ::1 at 2017-01-03 12:32:28 -0800


Started GET "/assets/bootstrap-datepicker/locales/bootstrap-datepicker.eu.self-0df62f8cfe7e8b05855195ee28292e9cf35ec174cd33f7feac7c62e5e6066bda.js?body=1" for ::1 at 2017-01-03 12:32:28 -0800


Started GET "/assets/bootstrap-datepicker/locales/bootstrap-datepicker.fa.self-20ab53975a47e1cdba4e7a41e0f0c567a2a699d53118ccdf6ea5aae33b692d15.js?body=1" for ::1 at 2017-01-03 12:32:28 -0800


Started GET "/assets/bootstrap-datepicker/locales/bootstrap-datepicker.fi.self-2609765afa68eb2078568f8d785522a588a73222538228637427eac53496df66.js?body=1" for ::1 at 2017-01-03 12:32:28 -0800


Started GET "/assets/bootstrap-datepicker/locales/bootstrap-datepicker.fo.self-fd8c0c500526cb16dd180ba9d832a4e5e0d40c3a570318a73ee2076b32cbbd1a.js?body=1" for ::1 at 2017-01-03 12:32:28 -0800


Started GET "/assets/bootstrap-datepicker/locales/bootstrap-datepicker.fr-CH.self-5a3e4840822fb4e6aa55af077ce89acb48e1629c299244258666a9eaf3e16a5f.js?body=1" for ::1 at 2017-01-03 12:32:28 -0800


Started GET "/assets/bootstrap-datepicker/locales/bootstrap-datepicker.fr.self-fc22f4a24fd9c64106ee1ffdd8167f9bcbb8544093f9acfd3e78cc79acaaa8ab.js?body=1" for ::1 at 2017-01-03 12:32:29 -0800


Started GET "/assets/bootstrap-datepicker/locales/bootstrap-datepicker.gl.self-1fccddef3fa899f6fc9f859fb7ea9d5839b554e6ec225bc2c195bd7f67ea55ad.js?body=1" for ::1 at 2017-01-03 12:32:29 -0800


Started GET "/assets/bootstrap-datepicker/locales/bootstrap-datepicker.he.self-9d26121395049e408a1223d6eeccf625e4969a6a5d52f740af1ad533646e93a4.js?body=1" for ::1 at 2017-01-03 12:32:29 -0800


Started GET "/assets/bootstrap-datepicker/locales/bootstrap-datepicker.hr.self-7e61fabfb46c1eb015b85ee997ba8710aebb4640736f5ac596cfd37f32caab66.js?body=1" for ::1 at 2017-01-03 12:32:29 -0800


Started GET "/assets/bootstrap-datepicker/locales/bootstrap-datepicker.hu.self-f49dd94a82276c26c3441a8f5834842aaff8e1015d2ee90af3a842482685b1b3.js?body=1" for ::1 at 2017-01-03 12:32:29 -0800


Started GET "/assets/bootstrap-datepicker/locales/bootstrap-datepicker.hy.self-519e17fdf49be45e3c787cde8525c882046f51fd063bfc978bc38a37308dc7e9.js?body=1" for ::1 at 2017-01-03 12:32:29 -0800


Started GET "/assets/bootstrap-datepicker/locales/bootstrap-datepicker.id.self-ea07114145eb6345c3e6b4e0ab99c8dcb42b05e7fc972cbde0997b752895ebc9.js?body=1" for ::1 at 2017-01-03 12:32:29 -0800


Started GET "/assets/bootstrap-datepicker/locales/bootstrap-datepicker.is.self-eb9734e137173e9c043266c371c2dc6723f896d0d10cd0d9489ab448425352de.js?body=1" for ::1 at 2017-01-03 12:32:29 -0800


Started GET "/assets/bootstrap-datepicker/locales/bootstrap-datepicker.it-CH.self-717fdb47d5142b72e9e7f64eec844ae20deacf76e64b484fc6c52139ea64e607.js?body=1" for ::1 at 2017-01-03 12:32:29 -0800


Started GET "/assets/bootstrap-datepicker/locales/bootstrap-datepicker.it.self-71bbf2309e2ea365c4b4e21bcf5fa9e79bd1fb6aee0a2f097a0439645a79dbf7.js?body=1" for ::1 at 2017-01-03 12:32:29 -0800


Started GET "/assets/bootstrap-datepicker/locales/bootstrap-datepicker.ja.self-cb335efac68187f94ccc34ed07c05f7cf6ace4ae97770209f1e89c92892f0610.js?body=1" for ::1 at 2017-01-03 12:32:29 -0800


Started GET "/assets/bootstrap-datepicker/locales/bootstrap-datepicker.ka.self-b8cf8fca37ec25ed1c3872fed7e439361179491173710ea1dfa3e784e9c5bbd0.js?body=1" for ::1 at 2017-01-03 12:32:29 -0800


Started GET "/assets/bootstrap-datepicker/locales/bootstrap-datepicker.kh.self-9d2694499d40685986d7db3a0fb8145a88ed95a042b4d7b86545493ce3c1201f.js?body=1" for ::1 at 2017-01-03 12:32:29 -0800


Started GET "/assets/bootstrap-datepicker/locales/bootstrap-datepicker.kk.self-4845840e42189e63d0aa4796c6664efe1edc81c9390acfdf1e5514fb91dc294e.js?body=1" for ::1 at 2017-01-03 12:32:29 -0800


Started GET "/assets/bootstrap-datepicker/locales/bootstrap-datepicker.ko.self-77411d790ff5bbd9da257d55c4375bc080c3c72222f94abc313f675eeabaedd1.js?body=1" for ::1 at 2017-01-03 12:32:29 -0800


Started GET "/assets/bootstrap-datepicker/locales/bootstrap-datepicker.kr.self-2c4ff027cc32c6144d3460f8e1b848fbc60db128d486ae541883497f289127bb.js?body=1" for ::1 at 2017-01-03 12:32:29 -0800


Started GET "/assets/bootstrap-datepicker/locales/bootstrap-datepicker.lt.self-fc4a3d6ee6a275732e35936f07c8fee862c21064b1471d79be6a50a81627c395.js?body=1" for ::1 at 2017-01-03 12:32:29 -0800


Started GET "/assets/bootstrap-datepicker/locales/bootstrap-datepicker.lv.self-5d8e8777406208ba6d788c14eb94dc6ec161efe23c377bb1688acd8a3dc80c70.js?body=1" for ::1 at 2017-01-03 12:32:29 -0800


Started GET "/assets/bootstrap-datepicker/locales/bootstrap-datepicker.me.self-bc3ded41fba54540cb7c229e2a81c54e1dc95aa060e13249996c3af17a07d925.js?body=1" for ::1 at 2017-01-03 12:32:29 -0800


Started GET "/assets/bootstrap-datepicker/locales/bootstrap-datepicker.mk.self-2879e14c87c2ed072afa02e973d28c25eccda71604f545f325f5ccb7f9566d9a.js?body=1" for ::1 at 2017-01-03 12:32:29 -0800


Started GET "/assets/bootstrap-datepicker/locales/bootstrap-datepicker.mn.self-9bde9683a01be40a036bf1d3df9376fc1855a9df29248e5604ab8c1926bafe4f.js?body=1" for ::1 at 2017-01-03 12:32:29 -0800


Started GET "/assets/bootstrap-datepicker/locales/bootstrap-datepicker.ms.self-5448409786aef52a30a3fa0309fed12e2972d62f3ffcecd3daad3661d2b3a3bb.js?body=1" for ::1 at 2017-01-03 12:32:29 -0800


Started GET "/assets/bootstrap-datepicker/locales/bootstrap-datepicker.nb.self-bc15d9793637e09369dcc17cc1f76ee50f8fb3bd314b592238db7e107ba9780c.js?body=1" for ::1 at 2017-01-03 12:32:29 -0800


Started GET "/assets/bootstrap-datepicker/locales/bootstrap-datepicker.nl-BE.self-8a42d57bf7a5ef08e774ad6ac07ccc42119609f0887a0a9db992a31bc22fb8c8.js?body=1" for ::1 at 2017-01-03 12:32:29 -0800


Started GET "/assets/bootstrap-datepicker/locales/bootstrap-datepicker.nl.self-12fa155a1784c9def99d028f7178ab609055cce8de67d75371780172dea6e6ce.js?body=1" for ::1 at 2017-01-03 12:32:29 -0800


Started GET "/assets/bootstrap-datepicker/locales/bootstrap-datepicker.no.self-835c27d08aa948acba7a496420da4d74da46ffbe5b7b900d927debc46878ceba.js?body=1" for ::1 at 2017-01-03 12:32:30 -0800


Started GET "/assets/bootstrap-datepicker/locales/bootstrap-datepicker.pl.self-bd9ed91cf705ebdec0d35a577541cb18a7b106c255b63b14048b839454783b50.js?body=1" for ::1 at 2017-01-03 12:32:30 -0800


Started GET "/assets/bootstrap-datepicker/locales/bootstrap-datepicker.pt-BR.self-c8b0cbc3c837667cc1e12914294f4cc5e3310d82d74031773327f31004772938.js?body=1" for ::1 at 2017-01-03 12:32:30 -0800


Started GET "/assets/bootstrap-datepicker/locales/bootstrap-datepicker.pt.self-761e5926a9ad2a08a3931dbecc3f19f9079398de8cd2388f2a193c14d40d7de7.js?body=1" for ::1 at 2017-01-03 12:32:30 -0800


Started GET "/assets/bootstrap-datepicker/locales/bootstrap-datepicker.ro.self-b0f0745b965ffc6c72f79cf8ab7962617897fd538084871b7316538cabf5ab3d.js?body=1" for ::1 at 2017-01-03 12:32:30 -0800


Started GET "/assets/bootstrap-datepicker/locales/bootstrap-datepicker.rs-latin.self-9778ded684088fc0d8cd4abcb87572575e59f1027cdbfa98570db215dfed95d0.js?body=1" for ::1 at 2017-01-03 12:32:30 -0800


Started GET "/assets/bootstrap-datepicker/locales/bootstrap-datepicker.rs.self-968b0850c75dc75987a4287bd692cad3d074729c3a0f67f92d48cfb6ccd1eac9.js?body=1" for ::1 at 2017-01-03 12:32:30 -0800


Started GET "/assets/bootstrap-datepicker/locales/bootstrap-datepicker.ru.self-4e8d9a4dc60207a247dd0e4d7c0f172c8cd08f8b4f1e8e86dd7384489559aafb.js?body=1" for ::1 at 2017-01-03 12:32:30 -0800


Started GET "/assets/bootstrap-datepicker/locales/bootstrap-datepicker.sk.self-508e59df5ae2738367e9ee26ceb1984620c7d3365d89c500a2f654c73e41c4cc.js?body=1" for ::1 at 2017-01-03 12:32:30 -0800


Started GET "/assets/bootstrap-datepicker/locales/bootstrap-datepicker.sl.self-18b1915d69a94d8c0c7dc954a99ae4786ff2f67d4925370ccb926692fc536885.js?body=1" for ::1 at 2017-01-03 12:32:30 -0800


Started GET "/assets/bootstrap-datepicker/locales/bootstrap-datepicker.sq.self-3224e5dba45c9b9362543f5efe2a02d23b71b7181ea0b7a92fc4637559f17799.js?body=1" for ::1 at 2017-01-03 12:32:30 -0800


Started GET "/assets/bootstrap-datepicker/locales/bootstrap-datepicker.sr-latin.self-be5aec102faba5f69237b7bb53843eed7f75c417025cf9105616fe3bea3e3da0.js?body=1" for ::1 at 2017-01-03 12:32:30 -0800


Started GET "/assets/bootstrap-datepicker/locales/bootstrap-datepicker.sr.self-0fdd9f114cd83480c0d41f6c4cd9ff5d41984d64f6d7944bd4739f2b9a8b0559.js?body=1" for ::1 at 2017-01-03 12:32:30 -0800


Started GET "/assets/bootstrap-datepicker/locales/bootstrap-datepicker.sv.self-59511a9cf8697e071e3e45937a4ffa74ce67edf099d767fcfcd43544833b639f.js?body=1" for ::1 at 2017-01-03 12:32:30 -0800


Started GET "/assets/bootstrap-datepicker/locales/bootstrap-datepicker.sw.self-6b5e12e322803172a7bb234b38a2774a18b7057caba09bf10e95276875879a35.js?body=1" for ::1 at 2017-01-03 12:32:30 -0800


Started GET "/assets/bootstrap-datepicker/locales/bootstrap-datepicker.th.self-38ccaf19cff8c13178de6efb294156266bbb5ce6652531d4b53f7f869986ce71.js?body=1" for ::1 at 2017-01-03 12:32:30 -0800


Started GET "/assets/bootstrap-datepicker/locales/bootstrap-datepicker.tr.self-32d4dcbd80fec4c33ced2cc50217d1cdfe9b351815a939878dedd504f0f29eec.js?body=1" for ::1 at 2017-01-03 12:32:30 -0800


Started GET "/assets/bootstrap-datepicker/locales/bootstrap-datepicker.ua.self-d3090a654f9c3b2ecf04746b1d8616e9fbcd4f6063435f91e76ffd00688684f4.js?body=1" for ::1 at 2017-01-03 12:32:30 -0800


Started GET "/assets/bootstrap-datepicker/locales/bootstrap-datepicker.uk.self-ba78379f87a0202998faa6e7c5b20476712eb0431e243819807b20ef110db58f.js?body=1" for ::1 at 2017-01-03 12:32:30 -0800


Started GET "/assets/bootstrap-datepicker/locales/bootstrap-datepicker.vi.self-36dc3fbbffa4afffa02f84c934c42cc69a7b8bf9637967f9d510c3a595c06bfd.js?body=1" for ::1 at 2017-01-03 12:32:30 -0800


Started GET "/assets/bootstrap-datepicker/locales/bootstrap-datepicker.zh-CN.self-ea1ea635099f9e93b2f5903108a2f939897810d090fa5959545f9cd4ecfaef14.js?body=1" for ::1 at 2017-01-03 12:32:30 -0800


Started GET "/assets/bootstrap-datepicker/locales/bootstrap-datepicker.zh-TW.self-919520009565c93f98d81b453874a8adc045d992e4cf63904186e82f852e123b.js?body=1" for ::1 at 2017-01-03 12:32:30 -0800


Started GET "/assets/bootstrap-datepicker/index.self-75a11da44c802486bc6f65640aa48a730f0f684c5c07a42ba3cd1735eb3fb070.js?body=1" for ::1 at 2017-01-03 12:32:30 -0800


Started GET "/assets/bootstrap.self-b38817c3e3a3049abb1fc08dd6ae448b23330f8453226efdb074710209474f75.js?body=1" for ::1 at 2017-01-03 12:32:30 -0800


Started GET "/assets/maskedinput.self-1695ad4cb7fd544569c93c1e39c691095704199eefd9bb34d53784c75fc53d63.js?body=1" for ::1 at 2017-01-03 12:32:30 -0800


Started GET "/assets/cocoon.self-6874ad698cefd21cc1119b773550f61b5c1a60396460f015222af59293affe80.js?body=1" for ::1 at 2017-01-03 12:32:30 -0800


Started GET "/assets/dataTables/jquery.dataTables.self-f520d04a662abc3bbb379438d969df199552297a55b74651a9e2b33b775df3ed.js?body=1" for ::1 at 2017-01-03 12:32:31 -0800


Started GET "/assets/underscore.self-4b328e42c558197d5b99d7727cfcc60bac9763fad660651230e8baf93f6067ed.js?body=1" for ::1 at 2017-01-03 12:32:31 -0800


Started GET "/assets/applications.self-877aef30ae1b040ab8a3aba4e3e309a11d7f2612f44dde450b5c157aa5f95c05.js?body=1" for ::1 at 2017-01-03 12:32:31 -0800


Started GET "/assets/assist_reps.self-877aef30ae1b040ab8a3aba4e3e309a11d7f2612f44dde450b5c157aa5f95c05.js?body=1" for ::1 at 2017-01-03 12:32:31 -0800


Started GET "/assets/banks.self-877aef30ae1b040ab8a3aba4e3e309a11d7f2612f44dde450b5c157aa5f95c05.js?body=1" for ::1 at 2017-01-03 12:32:31 -0800


Started GET "/assets/blank_checks.self-877aef30ae1b040ab8a3aba4e3e309a11d7f2612f44dde450b5c157aa5f95c05.js?body=1" for ::1 at 2017-01-03 12:32:31 -0800


Started GET "/assets/boxes.self-877aef30ae1b040ab8a3aba4e3e309a11d7f2612f44dde450b5c157aa5f95c05.js?body=1" for ::1 at 2017-01-03 12:32:31 -0800


Started GET "/assets/business_developments.self-877aef30ae1b040ab8a3aba4e3e309a11d7f2612f44dde450b5c157aa5f95c05.js?body=1" for ::1 at 2017-01-03 12:32:31 -0800


Started GET "/assets/crops.self-877aef30ae1b040ab8a3aba4e3e309a11d7f2612f44dde450b5c157aa5f95c05.js?body=1" for ::1 at 2017-01-03 12:32:31 -0800


Started GET "/assets/dealer_blanks.self-877aef30ae1b040ab8a3aba4e3e309a11d7f2612f44dde450b5c157aa5f95c05.js?body=1" for ::1 at 2017-01-03 12:32:31 -0800


Started GET "/assets/dealer_props.self-877aef30ae1b040ab8a3aba4e3e309a11d7f2612f44dde450b5c157aa5f95c05.js?body=1" for ::1 at 2017-01-03 12:32:31 -0800


Started GET "/assets/dealer_securities.self-877aef30ae1b040ab8a3aba4e3e309a11d7f2612f44dde450b5c157aa5f95c05.js?body=1" for ::1 at 2017-01-03 12:32:31 -0800


Started GET "/assets/dealer_visits.self-877aef30ae1b040ab8a3aba4e3e309a11d7f2612f44dde450b5c157aa5f95c05.js?body=1" for ::1 at 2017-01-03 12:32:31 -0800


Started GET "/assets/dealeravatars.self-877aef30ae1b040ab8a3aba4e3e309a11d7f2612f44dde450b5c157aa5f95c05.js?body=1" for ::1 at 2017-01-03 12:32:31 -0800


Started GET "/assets/dealerphotos.self-877aef30ae1b040ab8a3aba4e3e309a11d7f2612f44dde450b5c157aa5f95c05.js?body=1" for ::1 at 2017-01-03 12:32:31 -0800


Started GET "/assets/dealers.self-726816a7834aca50464fbe86b7c4a187aa984516a01ba48f0df3618895f84d2e.js?body=1" for ::1 at 2017-01-03 12:32:31 -0800


Started GET "/assets/demo_date.self-877aef30ae1b040ab8a3aba4e3e309a11d7f2612f44dde450b5c157aa5f95c05.js?body=1" for ::1 at 2017-01-03 12:32:31 -0800


Started GET "/assets/demonstration_attachments.self-877aef30ae1b040ab8a3aba4e3e309a11d7f2612f44dde450b5c157aa5f95c05.js?body=1" for ::1 at 2017-01-03 12:32:31 -0800


Started GET "/assets/demonstrations.self-d6b533984e1f4a1f1c7425704ad89b873528c38f6c5b9c3321346a757cc0348f.js?body=1" for ::1 at 2017-01-03 12:32:31 -0800


Started GET "/assets/demoresults.self-877aef30ae1b040ab8a3aba4e3e309a11d7f2612f44dde450b5c157aa5f95c05.js?body=1" for ::1 at 2017-01-03 12:32:31 -0800


Started GET "/assets/demos.self-877aef30ae1b040ab8a3aba4e3e309a11d7f2612f44dde450b5c157aa5f95c05.js?body=1" for ::1 at 2017-01-03 12:32:31 -0800


Started GET "/assets/districts.self-877aef30ae1b040ab8a3aba4e3e309a11d7f2612f44dde450b5c157aa5f95c05.js?body=1" for ::1 at 2017-01-03 12:32:31 -0800


Started GET "/assets/fa_activities.self-f7fb407d84e1d055dcfb7a813812e20b984b14016a51c195bf684ea9dce19e9b.js?body=1" for ::1 at 2017-01-03 12:32:31 -0800


Started GET "/assets/fa_targets.self-877aef30ae1b040ab8a3aba4e3e309a11d7f2612f44dde450b5c157aa5f95c05.js?body=1" for ::1 at 2017-01-03 12:32:31 -0800


Started GET "/assets/farmers.self-0119f2699eb1ef260e4cc709bb2aa4ed6857f29ca48fa95cb52e439330492a97.js?body=1" for ::1 at 2017-01-03 12:32:32 -0800


Started GET "/assets/field_assistants.self-877aef30ae1b040ab8a3aba4e3e309a11d7f2612f44dde450b5c157aa5f95c05.js?body=1" for ::1 at 2017-01-03 12:32:32 -0800


Started GET "/assets/home.self-877aef30ae1b040ab8a3aba4e3e309a11d7f2612f44dde450b5c157aa5f95c05.js?body=1" for ::1 at 2017-01-03 12:32:32 -0800


Started GET "/assets/meet_dealers.self-877aef30ae1b040ab8a3aba4e3e309a11d7f2612f44dde450b5c157aa5f95c05.js?body=1" for ::1 at 2017-01-03 12:32:32 -0800


Started GET "/assets/meet_f_as.self-877aef30ae1b040ab8a3aba4e3e309a11d7f2612f44dde450b5c157aa5f95c05.js?body=1" for ::1 at 2017-01-03 12:32:32 -0800


Started GET "/assets/meet_farmers.coffee.self-f3cbdd4768fd2bbe1454fe5c2498090cab7d2f24e6ceda0cca4637a7ffbb589d.js?body=1" for ::1 at 2017-01-03 12:32:32 -0800


Started GET "/assets/meet_sr_farmers.self-877aef30ae1b040ab8a3aba4e3e309a11d7f2612f44dde450b5c157aa5f95c05.js?body=1" for ::1 at 2017-01-03 12:32:32 -0800


Started GET "/assets/meet_state_managers.self-877aef30ae1b040ab8a3aba4e3e309a11d7f2612f44dde450b5c157aa5f95c05.js?body=1" for ::1 at 2017-01-03 12:32:32 -0800


Started GET "/assets/pocket_crops.self-877aef30ae1b040ab8a3aba4e3e309a11d7f2612f44dde450b5c157aa5f95c05.js?body=1" for ::1 at 2017-01-03 12:32:32 -0800


Started GET "/assets/pocket_dats.self-877aef30ae1b040ab8a3aba4e3e309a11d7f2612f44dde450b5c157aa5f95c05.js?body=1" for ::1 at 2017-01-03 12:32:32 -0800


Started GET "/assets/pocket_districts.self-877aef30ae1b040ab8a3aba4e3e309a11d7f2612f44dde450b5c157aa5f95c05.js?body=1" for ::1 at 2017-01-03 12:32:32 -0800


Started GET "/assets/pocket_infos.self-877aef30ae1b040ab8a3aba4e3e309a11d7f2612f44dde450b5c157aa5f95c05.js?body=1" for ::1 at 2017-01-03 12:32:32 -0800


Started GET "/assets/pockets.self-a6ba3880afe5dbeaf0d148ceccd1f2aa78be9bfb031a068b0a4c7b7a907e57b7.js?body=1" for ::1 at 2017-01-03 12:32:32 -0800


Started GET "/assets/positions.self-e3b0c44298fc1c149afbf4c8996fb92427ae41e4649b934ca495991b7852b855.js?body=1" for ::1 at 2017-01-03 12:32:32 -0800


Started GET "/assets/post_demonstrations.self-a5dc0bb12f4f158f1dadfff206927c31f3db465889205a5a770ea57c560959ad.js?body=1" for ::1 at 2017-01-03 12:32:32 -0800


Started GET "/assets/pre_demonstrations.self-877aef30ae1b040ab8a3aba4e3e309a11d7f2612f44dde450b5c157aa5f95c05.js?body=1" for ::1 at 2017-01-03 12:32:32 -0800


Started GET "/assets/prodsamples.self-4fa1f2c7f5e650ccd72cd93d15233b9125ef0a52ad4626b9022c85ba8bbb89b7.js?body=1" for ::1 at 2017-01-03 12:32:32 -0800


Started GET "/assets/product_prescriptions.self-877aef30ae1b040ab8a3aba4e3e309a11d7f2612f44dde450b5c157aa5f95c05.js?body=1" for ::1 at 2017-01-03 12:32:32 -0800


Started GET "/assets/products.self-877aef30ae1b040ab8a3aba4e3e309a11d7f2612f44dde450b5c157aa5f95c05.js?body=1" for ::1 at 2017-01-03 12:32:32 -0800


Started GET "/assets/proprietors.self-877aef30ae1b040ab8a3aba4e3e309a11d7f2612f44dde450b5c157aa5f95c05.js?body=1" for ::1 at 2017-01-03 12:32:32 -0800


Started GET "/assets/security_checks.self-877aef30ae1b040ab8a3aba4e3e309a11d7f2612f44dde450b5c157aa5f95c05.js?body=1" for ::1 at 2017-01-03 12:32:32 -0800


Started GET "/assets/singles.self-877aef30ae1b040ab8a3aba4e3e309a11d7f2612f44dde450b5c157aa5f95c05.js?body=1" for ::1 at 2017-01-03 12:32:32 -0800


Started GET "/assets/sr_activities.self-32c62fb9461a0e9169dff20100ca1073702bc57a658b09b61b8835bcd677eecd.js?body=1" for ::1 at 2017-01-03 12:32:32 -0800


Started GET "/assets/states.self-877aef30ae1b040ab8a3aba4e3e309a11d7f2612f44dde450b5c157aa5f95c05.js?body=1" for ::1 at 2017-01-03 12:32:32 -0800


Started GET "/assets/talukas.self-877aef30ae1b040ab8a3aba4e3e309a11d7f2612f44dde450b5c157aa5f95c05.js?body=1" for ::1 at 2017-01-03 12:32:33 -0800


Started GET "/assets/targets.self-877aef30ae1b040ab8a3aba4e3e309a11d7f2612f44dde450b5c157aa5f95c05.js?body=1" for ::1 at 2017-01-03 12:32:33 -0800


Started GET "/assets/users.self-b249dfd0d858b6ed7378cd6d186d9b230a6f82d371bd173a72723965f7235a3e.js?body=1" for ::1 at 2017-01-03 12:32:33 -0800


Started GET "/assets/villages.self-877aef30ae1b040ab8a3aba4e3e309a11d7f2612f44dde450b5c157aa5f95c05.js?body=1" for ::1 at 2017-01-03 12:32:33 -0800


Started GET "/assets/application.self-3e5461ec4b0d771c21f8a012a4b0ba3bb4ba0483a99910b3dfe2543f28896020.js?body=1" for ::1 at 2017-01-03 12:32:33 -0800


Started GET "/assets/DMETER-a72651cb39b21b1851d0f23c114248797aec831536e2ec41d8fc664dabdb9b1e.png" for ::1 at 2017-01-03 12:32:33 -0800
